[debug] [2020-08-21T07:48:20.029Z] ----------------------------------------------------------------------
[debug] [2020-08-21T07:48:20.031Z] Command:       /Users/andrewchong/.nvm/versions/node/v10.13.0/bin/node /Users/andrewchong/.nvm/versions/node/v10.13.0/bin/firebase deploy
[debug] [2020-08-21T07:48:20.032Z] CLI Version:   8.6.0
[debug] [2020-08-21T07:48:20.032Z] Platform:      darwin
[debug] [2020-08-21T07:48:20.032Z] Node Version:  v10.13.0
[debug] [2020-08-21T07:48:20.033Z] Time:          Fri Aug 21 2020 17:48:20 GMT+1000 (Australian Eastern Standard Time)
[debug] [2020-08-21T07:48:20.033Z] ----------------------------------------------------------------------
[debug] [2020-08-21T07:48:20.033Z] 
[debug] [2020-08-21T07:48:20.044Z] > command requires scopes: ["email","openid","https://www.googleapis.com/auth/cloudplatformprojects.readonly","https://www.googleapis.com/auth/firebase","https://www.googleapis.com/auth/cloud-platform"]
[debug] [2020-08-21T07:48:20.045Z] > authorizing via signed-in user
[debug] [2020-08-21T07:48:20.045Z] [iam] checking project spotify-clone-33830 for permissions ["firebase.projects.get","firebasehosting.sites.update"]
[debug] [2020-08-21T07:48:20.049Z] >>> HTTP REQUEST POST https://cloudresourcemanager.googleapis.com/v1/projects/spotify-clone-33830:testIamPermissions  
 {"permissions":["firebase.projects.get","firebasehosting.sites.update"]}
[debug] [2020-08-21T07:48:21.541Z] <<< HTTP RESPONSE 200 {"content-type":"application/json; charset=UTF-8","vary":"X-Origin, Referer, Origin,Accept-Encoding","date":"Fri, 21 Aug 2020 07:48:21 GMT","server":"ESF","cache-control":"private","x-xss-protection":"0","x-frame-options":"SAMEORIGIN","x-content-type-options":"nosniff","server-timing":"gfet4t7; dur=1004","alt-svc":"h3-29=\":443\"; ma=2592000,h3-27=\":443\"; ma=2592000,h3-T050=\":443\"; ma=2592000,h3-Q050=\":443\"; ma=2592000,h3-Q046=\":443\"; ma=2592000,h3-Q043=\":443\"; ma=2592000,quic=\":443\"; ma=2592000; v=\"46,43\"","accept-ranges":"none","transfer-encoding":"chunked"}
[debug] [2020-08-21T07:48:21.544Z] >>> HTTP REQUEST GET https://firebase.googleapis.com/v1beta1/projects/spotify-clone-33830  
 
[debug] [2020-08-21T07:48:22.255Z] <<< HTTP RESPONSE 200 {"content-type":"application/json; charset=UTF-8","vary":"X-Origin, Referer, Origin,Accept-Encoding","date":"Fri, 21 Aug 2020 07:48:22 GMT","server":"ESF","cache-control":"private","x-xss-protection":"0","x-frame-options":"SAMEORIGIN","x-content-type-options":"nosniff","alt-svc":"h3-29=\":443\"; ma=2592000,h3-27=\":443\"; ma=2592000,h3-T050=\":443\"; ma=2592000,h3-Q050=\":443\"; ma=2592000,h3-Q046=\":443\"; ma=2592000,h3-Q043=\":443\"; ma=2592000,quic=\":443\"; ma=2592000; v=\"46,43\"","accept-ranges":"none","transfer-encoding":"chunked"}
[info] 
[info] === Deploying to 'spotify-clone-33830'...
[info] 
[info] i  deploying hosting 
[debug] [2020-08-21T07:48:22.258Z] >>> HTTP REQUEST POST https://firebasehosting.googleapis.com/v1beta1/sites/spotify-clone-33830/versions  
 {"config":{"rewrites":[{"glob":"**","path":"/index.html"}]},"labels":{"deployment-tool":"cli-firebase"}}
